-------------------------------------------------------------------------------
Test set: com.service.ClientServiceImplTest
-------------------------------------------------------------------------------
Tests run: 2, Failures: 0, Errors: 1, Skipped: 0, Time elapsed: 4.132 s <<< FAILURE! - in com.service.ClientServiceImplTest
should_search_by_Id_when_findById_is_called(com.service.ClientServiceImplTest)  Time elapsed: 0.012 s  <<< ERROR!
java.lang.NullPointerException
	at com.service.ClientServiceImplTest.should_search_by_Id_when_findById_is_called(ClientServiceImplTest.java:67)

