-------------------------------------------------------------------------------
Test set: com.service.ICompteServiceImplTest
-------------------------------------------------------------------------------
Tests run: 5, Failures: 1, Errors: 0, Skipped: 0, Time elapsed: 0.104 s <<< FAILURE! - in com.service.ICompteServiceImplTest
should_search_all_when_findAll_is_called(com.service.ICompteServiceImplTest)  Time elapsed: 0.013 s  <<< FAILURE!
org.mockito.exceptions.verification.WantedButNotInvoked: 

Wanted but not invoked:
iCBDao.findAll();
-> at com.service.ICompteServiceImplTest.should_search_all_when_findAll_is_called(ICompteServiceImplTest.java:71)
Actually, there were zero interactions with this mock.

	at com.service.ICompteServiceImplTest.should_search_all_when_findAll_is_called(ICompteServiceImplTest.java:71)

