-------------------------------------------------------------------------------
Test set: com.controller.ClientControllerTest
-------------------------------------------------------------------------------
Tests run: 5, Failures: 1, Errors: 0, Skipped: 0, Time elapsed: 47.131 s <<< FAILURE! - in com.controller.ClientControllerTest
findByIdClient(com.controller.ClientControllerTest)  Time elapsed: 4.167 s  <<< FAILURE!
java.lang.AssertionError: expected:<200> but was:<405>
	at com.controller.ClientControllerTest.findByIdClient(ClientControllerTest.java:171)

