-------------------------------------------------------------------------------
Test set: com.service.ClientServiceImplTest
-------------------------------------------------------------------------------
Tests run: 4, Failures: 1, Errors: 0, Skipped: 0, Time elapsed: 11.205 s <<< FAILURE! - in com.service.ClientServiceImplTest
should_search_all_when_findAll_is_called(com.service.ClientServiceImplTest)  Time elapsed: 0.047 s  <<< FAILURE!
org.mockito.exceptions.verification.WantedButNotInvoked: 

Wanted but not invoked:
clientDao.findAll();
-> at com.service.ClientServiceImplTest.should_search_all_when_findAll_is_called(ClientServiceImplTest.java:64)
Actually, there were zero interactions with this mock.

	at com.service.ClientServiceImplTest.should_search_all_when_findAll_is_called(ClientServiceImplTest.java:64)

