<?xml version="1.0" encoding="UTF-8"?>
<testsuite xmlns:xsi="http://www.w3.org/2001/XMLSchema-instance" xsi:noNamespaceSchemaLocation="https://maven.apache.org/surefire/maven-surefire-plugin/xsd/surefire-test-report.xsd" name="com.service.ClientServiceImplTest" time="9.439" tests="4" errors="0" skipped="0" failures="4">
  <properties>
[...]
</properties>
  <testcase name="should_search_all_when_findAll_is_called" classname="com.service.ClientServiceImplTest" time="0.081">
    <failure message="&#10;Wanted but not invoked:&#10;clientDao.findAll();&#10;-&gt; at com.service.ClientServiceImplTest.should_search_all_when_findAll_is_called(ClientServiceImplTest.java:64)&#10;Actually, there were zero interactions with this mock.&#10;" type="org.mockito.exceptions.verification.WantedButNotInvoked">org.mockito.exceptions.verification.WantedButNotInvoked: 

Wanted but not invoked:
clientDao.findAll();
-> at com.service.ClientServiceImplTest.should_search_all_when_findAll_is_called(ClientServiceImplTest.java:64)
Actually, there were zero interactions with this mock.

	at com.service.ClientServiceImplTest.should_search_all_when_findAll_is_called(ClientServiceImplTest.java:64)
</failure>
    <system-out><![CDATA[14:22:09.368 [main] DEBUG org.springframework.test.context.junit4.SpringJUnit4ClassRunner - SpringJUnit4ClassRunner constructor called with [class com.service.ClientServiceImplTest]
14:22:09.377 [main] DEBUG org.springframework.test.context.BootstrapUtils - Instantiating CacheAwareContextLoaderDelegate from class [org.springframework.test.context.cache.DefaultCacheAwareContextLoaderDelegate]
14:22:09.390 [main] DEBUG org.springframework.test.context.BootstrapUtils - Instantiating BootstrapContext using constructor [public org.springframework.test.context.support.DefaultBootstrapContext(java.lang.Class,org.springframework.test.context.CacheAwareContextLoaderDelegate)]
14:22:09.423 [main] DEBUG org.springframework.test.context.BootstrapUtils - Instantiating TestContextBootstrapper for test class [com.service.ClientServiceImplTest] from class [org.springframework.boot.test.context.SpringBootTestContextBootstrapper]
14:22:09.452 [main] INFO org.springframework.boot.test.context.SpringBootTestContextBootstrapper - Neither @ContextConfiguration nor @ContextHierarchy found for test class [com.service.ClientServiceImplTest], using SpringBootContextLoader
14:22:09.457 [main] DEBUG org.springframework.test.context.support.AbstractContextLoader - Did not detect default resource location for test class [com.service.ClientServiceImplTest]: class path resource [com/service/ClientServiceImplTest-context.xml] does not exist
14:22:09.458 [main] DEBUG org.springframework.test.context.support.AbstractContextLoader - Did not detect default resource location for test class [com.service.ClientServiceImplTest]: class path resource [com/service/ClientServiceImplTestContext.groovy] does not exist
14:22:09.460 [main] INFO org.springframework.test.context.support.AbstractContextLoader - Could not detect default resource locations for test class [com.service.ClientServiceImplTest]: no resource found for suffixes {-context.xml, Context.groovy}.
14:22:09.570 [main] DEBUG org.springframework.test.context.support.ActiveProfilesUtils - Could not find an 'annotation declaring class' for annotation type [org.springframework.test.context.ActiveProfiles] and class [com.service.ClientServiceImplTest]
14:22:09.831 [main] DEBUG org.springframework.boot.test.context.SpringBootTestContextBootstrapper - @TestExecutionListeners is not present for class [com.service.ClientServiceImplTest]: using defaults.
14:22:09.834 [main] INFO org.springframework.boot.test.context.SpringBootTestContextBootstrapper - Loaded default TestExecutionListener class names from location [META-INF/spring.factories]: [org.springframework.boot.test.mock.mockito.MockitoTestExecutionListener, org.springframework.boot.test.mock.mockito.ResetMocksTestExecutionListener, org.springframework.boot.test.autoconfigure.restdocs.RestDocsTestExecutionListener, org.springframework.boot.test.autoconfigure.web.client.MockRestServiceServerResetTestExecutionListener, org.springframework.boot.test.autoconfigure.web.servlet.MockMvcPrintOnlyOnFailureTestExecutionListener, org.springframework.boot.test.autoconfigure.web.servlet.WebDriverTestExecutionListener, org.springframework.test.context.web.ServletTestExecutionListener, org.springframework.test.context.support.DirtiesContextBeforeModesTestExecutionListener, org.springframework.test.context.support.DependencyInjectionTestExecutionListener, org.springframework.test.context.support.DirtiesContextTestExecutionListener, org.springframework.test.context.transaction.TransactionalTestExecutionListener, org.springframework.test.context.jdbc.SqlScriptsTestExecutionListener]
14:22:09.865 [main] INFO org.springframework.boot.test.context.SpringBootTestContextBootstrapper - Using TestExecutionListeners: [org.springframework.test.context.web.ServletTestExecutionListener@79924b, org.springframework.test.context.support.DirtiesContextBeforeModesTestExecutionListener@7b9a4292, org.springframework.boot.test.mock.mockito.MockitoTestExecutionListener@4a94ee4, org.springframework.boot.test.autoconfigure.SpringBootDependencyInjectionTestExecutionListener@4cc451f2, org.springframework.test.context.support.DirtiesContextTestExecutionListener@6379eb, org.springframework.test.context.transaction.TransactionalTestExecutionListener@294425a7, org.springframework.test.context.jdbc.SqlScriptsTestExecutionListener@67d48005, org.springframework.boot.test.mock.mockito.ResetMocksTestExecutionListener@9f116cc, org.springframework.boot.test.autoconfigure.restdocs.RestDocsTestExecutionListener@12468a38, org.springframework.boot.test.autoconfigure.web.client.MockRestServiceServerResetTestExecutionListener@1aa7ecca, org.springframework.boot.test.autoconfigure.web.servlet.MockMvcPrintOnlyOnFailureTestExecutionListener@59309333, org.springframework.boot.test.autoconfigure.web.servlet.WebDriverTestExecutionListener@5876a9af]
14:22:09.928 [main] DEBUG org.springframework.test.annotation.ProfileValueUtils - Retrieved @ProfileValueSourceConfiguration [null] for test class [com.service.ClientServiceImplTest]
14:22:09.932 [main] DEBUG org.springframework.test.annotation.ProfileValueUtils - Retrieved ProfileValueSource type [class org.springframework.test.annotation.SystemProfileValueSource] for class [com.service.ClientServiceImplTest]
14:22:09.953 [main] DEBUG org.springframework.test.annotation.ProfileValueUtils - Retrieved @ProfileValueSourceConfiguration [null] for test class [com.service.ClientServiceImplTest]
14:22:09.960 [main] DEBUG org.springframework.test.annotation.ProfileValueUtils - Retrieved ProfileValueSource type [class org.springframework.test.annotation.SystemProfileValueSource] for class [com.service.ClientServiceImplTest]
14:22:09.974 [main] DEBUG org.springframework.test.annotation.ProfileValueUtils - Retrieved @ProfileValueSourceConfiguration [null] for test class [com.service.ClientServiceImplTest]
14:22:09.984 [main] DEBUG org.springframework.test.annotation.ProfileValueUtils - Retrieved ProfileValueSource type [class org.springframework.test.annotation.SystemProfileValueSource] for class [com.service.ClientServiceImplTest]
14:22:09.999 [main] DEBUG org.springframework.test.context.support.AbstractDirtiesContextTestExecutionListener - Before test class: context [DefaultTestContext@74fe5c40 testClass = ClientServiceImplTest, testInstance = [null], testMethod = [null], testException = [null], mergedContextConfiguration = [WebMergedContextConfiguration@3febb011 testClass = ClientServiceImplTest, locations = '{}', classes = '{class com.sping.SpringBootRunner, class com.sping.SpringBootRunner}', contextInitializerClasses = '[]', activeProfiles = '{}', propertySourceLocations = '{}', propertySourceProperties = '{org.springframework.boot.test.context.SpringBootTestContextBootstrapper=true}', contextCustomizers = set[org.springframework.boot.test.context.filter.ExcludeFilterContextCustomizer@5c072e3f, org.springframework.boot.test.json.DuplicateJsonObjectContextCustomizerFactory$DuplicateJsonObjectContextCustomizer@149494d8, org.springframework.boot.test.mock.mockito.MockitoContextCustomizer@0, org.springframework.boot.test.web.client.TestRestTemplateContextCustomizer@fe18270, org.springframework.boot.test.autoconfigure.properties.PropertyMappingContextCustomizer@0, org.springframework.boot.test.autoconfigure.web.servlet.WebDriverContextCustomizerFactory$Customizer@4bb4de6a], resourceBasePath = 'src/main/webapp', contextLoader = 'org.springframework.boot.test.context.SpringBootContextLoader', parent = [null]], attributes = map['org.springframework.test.context.web.ServletTestExecutionListener.activateListener' -> true]], class annotated with @DirtiesContext [false] with mode [null].
14:22:10.007 [main] DEBUG org.springframework.test.annotation.ProfileValueUtils - Retrieved @ProfileValueSourceConfiguration [null] for test class [com.service.ClientServiceImplTest]
14:22:10.008 [main] DEBUG org.springframework.test.annotation.ProfileValueUtils - Retrieved ProfileValueSource type [class org.springframework.test.annotation.SystemProfileValueSource] for class [com.service.ClientServiceImplTest]
14:22:10.071 [main] DEBUG org.springframework.test.context.support.TestPropertySourceUtils - Adding inlined properties to environment: {spring.jmx.enabled=false, org.springframework.boot.test.context.SpringBootTestContextBootstrapper=true, server.port=-1}

  .   ____          _            __ _ _
 /\\ / ___'_ __ _ _(_)_ __  __ _ \ \ \ \
( ( )\___ | '_ | '_| | '_ \/ _` | \ \ \ \
 \\/  ___)| |_)| | | | | || (_| |  ) ) ) )
  '  |____| .__|_| |_|_| |_\__, | / / / /
 =========|_|==============|___/=/_/_/_/
 :: Spring Boot ::        (v2.1.3.RELEASE)

2019-04-25 14:22:10.819  INFO 5040 --- [           main] com.service.ClientServiceImplTest        : Starting ClientServiceImplTest on IN-LY-005 with PID 5040 (started by IN-LY-005 in C:\Users\IN-LY-005\Desktop\NewbieBank)
2019-04-25 14:22:10.822  INFO 5040 --- [           main] com.service.ClientServiceImplTest        : No active profile set, falling back to default profiles: default
2019-04-25 14:22:12.515  INFO 5040 --- [           main] .s.d.r.c.RepositoryConfigurationDelegate : Bootstrapping Spring Data repositories in DEFAULT mode.
2019-04-25 14:22:12.545  INFO 5040 --- [           main] .s.d.r.c.RepositoryConfigurationDelegate : Finished Spring Data repository scanning in 19ms. Found 0 repository interfaces.
2019-04-25 14:22:13.374  INFO 5040 --- [           main] trationDelegate$BeanPostProcessorChecker : Bean 'org.springframework.transaction.annotation.ProxyTransactionManagementConfiguration' of type [org.springframework.transaction.annotation.ProxyTransactionManagementConfiguration$$EnhancerBySpringCGLIB$$d32d2f97] is not eligible for getting processed by all BeanPostProcessors (for example: not eligible for auto-proxying)
2019-04-25 14:22:13.453  INFO 5040 --- [           main] trationDelegate$BeanPostProcessorChecker : Bean 'org.springframework.hateoas.config.HateoasConfiguration' of type [org.springframework.hateoas.config.HateoasConfiguration$$EnhancerBySpringCGLIB$$52ad7cc9] is not eligible for getting processed by all BeanPostProcessors (for example: not eligible for auto-proxying)
2019-04-25 14:22:13.905  INFO 5040 --- [           main] com.zaxxer.hikari.HikariDataSource       : HikariPool-1 - Starting...
2019-04-25 14:22:14.247  INFO 5040 --- [           main] com.zaxxer.hikari.HikariDataSource       : HikariPool-1 - Start completed.
2019-04-25 14:22:14.410  INFO 5040 --- [           main] o.hibernate.jpa.internal.util.LogHelper  : HHH000204: Processing PersistenceUnitInfo [
	name: default
	...]
2019-04-25 14:22:14.521  INFO 5040 --- [           main] org.hibernate.Version                    : HHH000412: Hibernate Core {5.3.7.Final}
2019-04-25 14:22:14.524  INFO 5040 --- [           main] org.hibernate.cfg.Environment            : HHH000206: hibernate.properties not found
2019-04-25 14:22:14.765  INFO 5040 --- [           main] o.hibernate.annotations.common.Version   : HCANN000001: Hibernate Commons Annotations {5.0.4.Final}
2019-04-25 14:22:15.195  INFO 5040 --- [           main] org.hibernate.dialect.Dialect            : HHH000400: Using dialect: org.hibernate.dialect.H2Dialect
2019-04-25 14:22:15.543  INFO 5040 --- [           main] o.h.t.schema.internal.SchemaCreatorImpl  : HHH000476: Executing import script 'org.hibernate.tool.schema.internal.exec.ScriptSourceInputNonExistentImpl@5a058be5'
2019-04-25 14:22:15.547  INFO 5040 --- [           main] j.LocalContainerEntityManagerFactoryBean : Initialized JPA EntityManagerFactory for persistence unit 'default'
2019-04-25 14:22:16.412  WARN 5040 --- [           main] aWebConfiguration$JpaWebMvcConfiguration : spring.jpa.open-in-view is enabled by default. Therefore, database queries may be performed during view rendering. Explicitly configure spring.jpa.open-in-view to disable this warning
2019-04-25 14:22:17.791  INFO 5040 --- [           main] com.service.ClientServiceImplTest        : Started ClientServiceImplTest in 7.694 seconds (JVM running for 9.18)
2019-04-25 14:22:18.312  INFO 5040 --- [           main] com.service.ClientServiceImplTest        : --------------- Executing should_search_all_when_findAll_is_called test Of ClientServiceImplTest ---------------
]]></system-out>
  </testcase>
  <testcase name="should_update_when_update_is_called" classname="com.service.ClientServiceImplTest" time="0.032">
    <failure message="&#10;Wanted but not invoked:&#10;clientDao.save(&#10;    Client [idClient=0, nomClient=null, prenomClient=null, adresseClient=null, age=0, dateEnregistrement=null, sexe=null, telClient=null]&#10;);&#10;-&gt; at com.service.ClientServiceImplTest.should_update_when_update_is_called(ClientServiceImplTest.java:49)&#10;Actually, there were zero interactions with this mock.&#10;" type="org.mockito.exceptions.verification.WantedButNotInvoked">org.mockito.exceptions.verification.WantedButNotInvoked: 

Wanted but not invoked:
clientDao.save(
    Client [idClient=0, nomClient=null, prenomClient=null, adresseClient=null, age=0, dateEnregistrement=null, sexe=null, telClient=null]
);
-> at com.service.ClientServiceImplTest.should_update_when_update_is_called(ClientServiceImplTest.java:49)
Actually, there were zero interactions with this mock.

	at com.service.ClientServiceImplTest.should_update_when_update_is_called(ClientServiceImplTest.java:49)
</failure>
    <system-out><![CDATA[2019-04-25 14:22:18.390  INFO 5040 --- [           main] com.service.ClientServiceImplTest        : --------------- Executing should_update_when_update_is_called test Of ClientServiceImplTest ---------------
]]></system-out>
  </testcase>
  <testcase name="should_store_when_save_is_called" classname="com.service.ClientServiceImplTest" time="0.017">
    <failure message="&#10;Wanted but not invoked:&#10;clientDao.save(&#10;    Client [idClient=0, nomClient=null, prenomClient=null, adresseClient=null, age=0, dateEnregistrement=null, sexe=null, telClient=null]&#10;);&#10;-&gt; at com.service.ClientServiceImplTest.should_store_when_save_is_called(ClientServiceImplTest.java:41)&#10;Actually, there were zero interactions with this mock.&#10;" type="org.mockito.exceptions.verification.WantedButNotInvoked">org.mockito.exceptions.verification.WantedButNotInvoked: 

Wanted but not invoked:
clientDao.save(
    Client [idClient=0, nomClient=null, prenomClient=null, adresseClient=null, age=0, dateEnregistrement=null, sexe=null, telClient=null]
);
-> at com.service.ClientServiceImplTest.should_store_when_save_is_called(ClientServiceImplTest.java:41)
Actually, there were zero interactions with this mock.

	at com.service.ClientServiceImplTest.should_store_when_save_is_called(ClientServiceImplTest.java:41)
</failure>
    <system-out><![CDATA[2019-04-25 14:22:18.429  INFO 5040 --- [           main] com.service.ClientServiceImplTest        : --------------- Executing should_store_when_save_is_called test Of ClientServiceImplTest ---------------
]]></system-out>
  </testcase>
  <testcase name="should_delete_when_delete_is_called" classname="com.service.ClientServiceImplTest" time="0.018">
    <failure message="&#10;Wanted but not invoked:&#10;clientDao.delete(&#10;    Client [idClient=0, nomClient=null, prenomClient=null, adresseClient=null, age=0, dateEnregistrement=null, sexe=null, telClient=null]&#10;);&#10;-&gt; at com.service.ClientServiceImplTest.should_delete_when_delete_is_called(ClientServiceImplTest.java:57)&#10;Actually, there were zero interactions with this mock.&#10;" type="org.mockito.exceptions.verification.WantedButNotInvoked">org.mockito.exceptions.verification.WantedButNotInvoked: 

Wanted but not invoked:
clientDao.delete(
    Client [idClient=0, nomClient=null, prenomClient=null, adresseClient=null, age=0, dateEnregistrement=null, sexe=null, telClient=null]
);
-> at com.service.ClientServiceImplTest.should_delete_when_delete_is_called(ClientServiceImplTest.java:57)
Actually, there were zero interactions with this mock.

	at com.service.ClientServiceImplTest.should_delete_when_delete_is_called(ClientServiceImplTest.java:57)
</failure>
    <system-out><![CDATA[2019-04-25 14:22:18.450  INFO 5040 --- [           main] com.service.ClientServiceImplTest        : --------------- Executing should_delete_when_delete_is_called test Of ClientServiceImplTest ---------------
]]></system-out>
  </testcase>
</testsuite>