<?xml version="1.0" encoding="UTF-8"?>
<testsuite xmlns:xsi="http://www.w3.org/2001/XMLSchema-instance" xsi:noNamespaceSchemaLocation="https://maven.apache.org/surefire/maven-surefire-plugin/xsd/surefire-test-report.xsd" name="com.service.ClientServiceImplTest" time="3.596" tests="4" errors="1" skipped="0" failures="3">
  <properties>
[...]
</properties>
  <testcase name="should_search_all_when_findAll_is_called" classname="com.service.ClientServiceImplTest" time="0.005">
    <error message="Unresolved compilation problem: &#10;	The method getClient() is undefined for the type ClientServiceImpl&#10;" type="java.lang.Error">java.lang.Error: 
Unresolved compilation problem: 
	The method getClient() is undefined for the type ClientServiceImpl

	at com.service.ClientServiceImplTest.should_search_all_when_findAll_is_called(ClientServiceImplTest.java:63)
</error>
    <system-out><![CDATA[2019-04-25 16:42:23.009  INFO 18176 --- [           main] .b.t.c.SpringBootTestContextBootstrapper : Neither @ContextConfiguration nor @ContextHierarchy found for test class [com.service.ClientServiceImplTest], using SpringBootContextLoader
2019-04-25 16:42:23.010  INFO 18176 --- [           main] o.s.t.c.support.AbstractContextLoader    : Could not detect default resource locations for test class [com.service.ClientServiceImplTest]: no resource found for suffixes {-context.xml, Context.groovy}.
2019-04-25 16:42:23.019  INFO 18176 --- [           main] .b.t.c.SpringBootTestContextBootstrapper : Loaded default TestExecutionListener class names from location [META-INF/spring.factories]: [org.springframework.boot.test.mock.mockito.MockitoTestExecutionListener, org.springframework.boot.test.mock.mockito.ResetMocksTestExecutionListener, org.springframework.boot.test.autoconfigure.restdocs.RestDocsTestExecutionListener, org.springframework.boot.test.autoconfigure.web.client.MockRestServiceServerResetTestExecutionListener, org.springframework.boot.test.autoconfigure.web.servlet.MockMvcPrintOnlyOnFailureTestExecutionListener, org.springframework.boot.test.autoconfigure.web.servlet.WebDriverTestExecutionListener, org.springframework.test.context.web.ServletTestExecutionListener, org.springframework.test.context.support.DirtiesContextBeforeModesTestExecutionListener, org.springframework.test.context.support.DependencyInjectionTestExecutionListener, org.springframework.test.context.support.DirtiesContextTestExecutionListener, org.springframework.test.context.transaction.TransactionalTestExecutionListener, org.springframework.test.context.jdbc.SqlScriptsTestExecutionListener]
2019-04-25 16:42:23.021  INFO 18176 --- [           main] .b.t.c.SpringBootTestContextBootstrapper : Using TestExecutionListeners: [org.springframework.test.context.web.ServletTestExecutionListener@79e9c14, org.springframework.test.context.support.DirtiesContextBeforeModesTestExecutionListener@340c7479, org.springframework.boot.test.mock.mockito.MockitoTestExecutionListener@575e862c, org.springframework.boot.test.autoconfigure.SpringBootDependencyInjectionTestExecutionListener@1d57b8f1, org.springframework.test.context.support.DirtiesContextTestExecutionListener@6e5af973, org.springframework.test.context.transaction.TransactionalTestExecutionListener@39a2e77d, org.springframework.test.context.jdbc.SqlScriptsTestExecutionListener@1aee6983, org.springframework.boot.test.mock.mockito.ResetMocksTestExecutionListener@3adeca1f, org.springframework.boot.test.autoconfigure.restdocs.RestDocsTestExecutionListener@3f62d56, org.springframework.boot.test.autoconfigure.web.client.MockRestServiceServerResetTestExecutionListener@2d41bb5a, org.springframework.boot.test.autoconfigure.web.servlet.MockMvcPrintOnlyOnFailureTestExecutionListener@448a6d00, org.springframework.boot.test.autoconfigure.web.servlet.WebDriverTestExecutionListener@848d9bc]

  .   ____          _            __ _ _
 /\\ / ___'_ __ _ _(_)_ __  __ _ \ \ \ \
( ( )\___ | '_ | '_| | '_ \/ _` | \ \ \ \
 \\/  ___)| |_)| | | | | || (_| |  ) ) ) )
  '  |____| .__|_| |_|_| |_\__, | / / / /
 =========|_|==============|___/=/_/_/_/
 :: Spring Boot ::        (v2.1.3.RELEASE)

2019-04-25 16:42:23.225  INFO 18176 --- [           main] com.service.ClientServiceImplTest        : Starting ClientServiceImplTest on IN-LY-027 with PID 18176 (started by IN-LY-027 in C:\Users\IN-LY-027\Desktop\NewbieBank\NewbieBank)
2019-04-25 16:42:23.226  INFO 18176 --- [           main] com.service.ClientServiceImplTest        : No active profile set, falling back to default profiles: default
2019-04-25 16:42:24.229  INFO 18176 --- [           main] .s.d.r.c.RepositoryConfigurationDelegate : Bootstrapping Spring Data repositories in DEFAULT mode.
2019-04-25 16:42:24.512  INFO 18176 --- [           main] .s.d.r.c.RepositoryConfigurationDelegate : Finished Spring Data repository scanning in 283ms. Found 5 repository interfaces.
2019-04-25 16:42:24.663  INFO 18176 --- [           main] trationDelegate$BeanPostProcessorChecker : Bean 'org.springframework.transaction.annotation.ProxyTransactionManagementConfiguration' of type [org.springframework.transaction.annotation.ProxyTransactionManagementConfiguration$$EnhancerBySpringCGLIB$$f723d6ce] is not eligible for getting processed by all BeanPostProcessors (for example: not eligible for auto-proxying)
2019-04-25 16:42:24.726  INFO 18176 --- [           main] trationDelegate$BeanPostProcessorChecker : Bean 'org.springframework.hateoas.config.HateoasConfiguration' of type [org.springframework.hateoas.config.HateoasConfiguration$$EnhancerBySpringCGLIB$$76a42400] is not eligible for getting processed by all BeanPostProcessors (for example: not eligible for auto-proxying)
2019-04-25 16:42:24.953  INFO 18176 --- [           main] com.zaxxer.hikari.HikariDataSource       : HikariPool-2 - Starting...
2019-04-25 16:42:24.967  INFO 18176 --- [           main] com.zaxxer.hikari.HikariDataSource       : HikariPool-2 - Start completed.
2019-04-25 16:42:25.127  INFO 18176 --- [           main] o.hibernate.jpa.internal.util.LogHelper  : HHH000204: Processing PersistenceUnitInfo [
	name: default
	...]
2019-04-25 16:42:25.141  INFO 18176 --- [           main] org.hibernate.dialect.Dialect            : HHH000400: Using dialect: org.hibernate.dialect.H2Dialect
2019-04-25 16:42:25.321  INFO 18176 --- [           main] o.h.t.schema.internal.SchemaCreatorImpl  : HHH000476: Executing import script 'org.hibernate.tool.schema.internal.exec.ScriptSourceInputNonExistentImpl@2aafa84f'
2019-04-25 16:42:25.321  INFO 18176 --- [           main] j.LocalContainerEntityManagerFactoryBean : Initialized JPA EntityManagerFactory for persistence unit 'default'
2019-04-25 16:42:25.743  WARN 18176 --- [           main] aWebConfiguration$JpaWebMvcConfiguration : spring.jpa.open-in-view is enabled by default. Therefore, database queries may be performed during view rendering. Explicitly configure spring.jpa.open-in-view to disable this warning
2019-04-25 16:42:26.485  INFO 18176 --- [           main] com.service.ClientServiceImplTest        : Started ClientServiceImplTest in 3.459 seconds (JVM running for 16.711)
]]></system-out>
  </testcase>
  <testcase name="should_update_when_update_is_called" classname="com.service.ClientServiceImplTest" time="0.046">
    <failure message="&#10;Wanted but not invoked:&#10;clientDao.save(&#10;    Client [id=0, nomClient=null, prenomClient=null, adresseClient=null, age=0, dateEnregistrement=null, sexe=null, telClient=null]&#10;);&#10;-&gt; at com.service.ClientServiceImplTest.should_update_when_update_is_called(ClientServiceImplTest.java:49)&#10;Actually, there were zero interactions with this mock.&#10;" type="org.mockito.exceptions.verification.WantedButNotInvoked">org.mockito.exceptions.verification.WantedButNotInvoked: 

Wanted but not invoked:
clientDao.save(
    Client [id=0, nomClient=null, prenomClient=null, adresseClient=null, age=0, dateEnregistrement=null, sexe=null, telClient=null]
);
-> at com.service.ClientServiceImplTest.should_update_when_update_is_called(ClientServiceImplTest.java:49)
Actually, there were zero interactions with this mock.

	at com.service.ClientServiceImplTest.should_update_when_update_is_called(ClientServiceImplTest.java:49)
</failure>
    <system-out><![CDATA[2019-04-25 16:42:26.694  INFO 18176 --- [           main] com.service.ClientServiceImplTest        : --------------- Executing should_update_when_update_is_called test Of ClientServiceImplTest ---------------
]]></system-out>
  </testcase>
  <testcase name="should_store_when_save_is_called" classname="com.service.ClientServiceImplTest" time="0.015">
    <failure message="&#10;Wanted but not invoked:&#10;clientDao.save(&#10;    Client [id=0, nomClient=null, prenomClient=null, adresseClient=null, age=0, dateEnregistrement=null, sexe=null, telClient=null]&#10;);&#10;-&gt; at com.service.ClientServiceImplTest.should_store_when_save_is_called(ClientServiceImplTest.java:41)&#10;Actually, there were zero interactions with this mock.&#10;" type="org.mockito.exceptions.verification.WantedButNotInvoked">org.mockito.exceptions.verification.WantedButNotInvoked: 

Wanted but not invoked:
clientDao.save(
    Client [id=0, nomClient=null, prenomClient=null, adresseClient=null, age=0, dateEnregistrement=null, sexe=null, telClient=null]
);
-> at com.service.ClientServiceImplTest.should_store_when_save_is_called(ClientServiceImplTest.java:41)
Actually, there were zero interactions with this mock.

	at com.service.ClientServiceImplTest.should_store_when_save_is_called(ClientServiceImplTest.java:41)
</failure>
    <system-out><![CDATA[2019-04-25 16:42:26.740  INFO 18176 --- [           main] com.service.ClientServiceImplTest        : --------------- Executing should_store_when_save_is_called test Of ClientServiceImplTest ---------------
]]></system-out>
  </testcase>
  <testcase name="should_delete_when_delete_is_called" classname="com.service.ClientServiceImplTest" time="0.006">
    <failure message="&#10;Wanted but not invoked:&#10;clientDao.delete(&#10;    Client [id=0, nomClient=null, prenomClient=null, adresseClient=null, age=0, dateEnregistrement=null, sexe=null, telClient=null]&#10;);&#10;-&gt; at com.service.ClientServiceImplTest.should_delete_when_delete_is_called(ClientServiceImplTest.java:57)&#10;Actually, there were zero interactions with this mock.&#10;" type="org.mockito.exceptions.verification.WantedButNotInvoked">org.mockito.exceptions.verification.WantedButNotInvoked: 

Wanted but not invoked:
clientDao.delete(
    Client [id=0, nomClient=null, prenomClient=null, adresseClient=null, age=0, dateEnregistrement=null, sexe=null, telClient=null]
);
-> at com.service.ClientServiceImplTest.should_delete_when_delete_is_called(ClientServiceImplTest.java:57)
Actually, there were zero interactions with this mock.

	at com.service.ClientServiceImplTest.should_delete_when_delete_is_called(ClientServiceImplTest.java:57)
</failure>
    <system-out><![CDATA[2019-04-25 16:42:26.756  INFO 18176 --- [           main] com.service.ClientServiceImplTest        : --------------- Executing should_delete_when_delete_is_called test Of ClientServiceImplTest ---------------
]]></system-out>
  </testcase>
</testsuite>